<?xml version="1.0" encoding="UTF-8"?>
<testsuite name="com.m.shorturl.util.UrlShortnerTest" tests="3" skipped="0" failures="0" errors="0" timestamp="2024-03-08T21:16:46" hostname="sherubhai-Latitude-5590" time="0.004">
  <properties/>
  <testcase name="decode()" classname="com.m.shorturl.util.UrlShortnerTest" time="0.0"/>
  <testcase name="encode()" classname="com.m.shorturl.util.UrlShortnerTest" time="0.002"/>
  <testcase name="urlShortnerNotNULL()" classname="com.m.shorturl.util.UrlShortnerTest" time="0.001"/>
  <system-out><![CDATA[]]></system-out>
  <system-err><![CDATA[]]></system-err>
</testsuite>
