<?xml version="1.0" encoding="UTF-8"?>
<testsuite name="com.m.shorturl.service.impl.UrlServiceImplTest" tests="5" skipped="0" failures="0" errors="0" timestamp="2024-03-08T21:16:46" hostname="sherubhai-Latitude-5590" time="0.033">
  <properties/>
  <testcase name="testCreateShortBadRequest()" classname="com.m.shorturl.service.impl.UrlServiceImplTest" time="0.002"/>
  <testcase name="testCreateShortURL()" classname="com.m.shorturl.service.impl.UrlServiceImplTest" time="0.015"/>
  <testcase name="testGetShortURLNoData()" classname="com.m.shorturl.service.impl.UrlServiceImplTest" time="0.003"/>
  <testcase name="testGetShortURLNoContent()" classname="com.m.shorturl.service.impl.UrlServiceImplTest" time="0.002"/>
  <testcase name="testGetShortURL()" classname="com.m.shorturl.service.impl.UrlServiceImplTest" time="0.003"/>
  <system-out><![CDATA[]]></system-out>
  <system-err><![CDATA[]]></system-err>
</testsuite>
